[1] "/mnt/lustrefs/store/zhen.zhang/output/MERRA2/MERRA2_2015_USDA_MLIT_PERMAFROST_MONTHLY/merge/ mnpp"
[1] "/mnt/lustrefs/store/zhen.zhang/output/MERRA2/MERRA2_2015_USDA_MLIT_PERMAFROST_MONTHLY/merge/ mrh"
[1] "/mnt/lustrefs/store/zhen.zhang/output/MERRA2/MERRA2_2015_USDA_MLIT_PERMAFROST_MONTHLY/merge/ firec"
[1] "/mnt/lustrefs/store/zhen.zhang/output/MERRA2/MERRA2_2015_USDA_MLIT_PERMAFROST_MONTHLY/merge/ flux_luc"
[1] "/mnt/lustrefs/store/zhen.zhang/output/MERRA2/MERRA2_2015_USDA_MLIT_PERMAFROST_MONTHLY/merge/ flux_harvest"
[1] "/mnt/lustrefs/store/zhen.zhang/output/MERRA2/MERRA2_2015_USDA_MLIT_PERMAFROST_MONTHLY/merge/ flux_estab"
[1] "/mnt/lustrefs/store/zhen.zhang/output/MERRA2/MERRA2_2015_USDA_MLIT_PERMAFROST_MONTHLY/merge/ mgpp"
[1] "/mnt/lustrefs/store/zhen.zhang/output/MERRA2/MERRA2_2015_USDA_MLIT_PERMAFROST_MONTHLY/merge/ litc"
[1] "/mnt/lustrefs/store/zhen.zhang/output/MERRA2/MERRA2_2015_USDA_MLIT_PERMAFROST_MONTHLY/merge/ soilc"
[1] "/mnt/lustrefs/store/zhen.zhang/output/MERRA2/MERRA2_2015_USDA_MLIT_PERMAFROST_MONTHLY/merge/ vegc"
[1] "/mnt/lustrefs/store/zhen.zhang/output/MERRA2/MERRA2_2015_USDA_MLIT_PERMAFROST_MONTHLY/merge/ msnowpack"
[1] "/mnt/lustrefs/store/zhen.zhang/output/MERRA2/MERRA2_2015_USDA_MLIT_PERMAFROST_MONTHLY/merge/ mra"
[1] "/mnt/lustrefs/store/zhen.zhang/output/MERRA2/MERRA2_2015_USDA_MLIT_PERMAFROST_MONTHLY/merge/ mpet"
[1] "/mnt/lustrefs/store/zhen.zhang/output/MERRA2/MERRA2_2015_USDA_MLIT_PERMAFROST_MONTHLY/merge/ msoiltemp"
[1] "/mnt/lustrefs/store/zhen.zhang/output/MERRA2/MERRA2_2015_USDA_MLIT_PERMAFROST_MONTHLY/merge/ mswc1"
[1] "/mnt/lustrefs/store/zhen.zhang/output/MERRA2/MERRA2_2015_USDA_MLIT_PERMAFROST_MONTHLY/merge/ mswc2"
[1] "/mnt/lustrefs/store/zhen.zhang/output/MERRA2/MERRA2_2015_USDA_MLIT_PERMAFROST_MONTHLY/merge/ mevap"
[1] "/mnt/lustrefs/store/zhen.zhang/output/MERRA2/MERRA2_2015_USDA_MLIT_PERMAFROST_MONTHLY/merge/ mdischarge"
[1] "/mnt/lustrefs/store/zhen.zhang/output/MERRA2/MERRA2_2015_USDA_MLIT_PERMAFROST_MONTHLY/merge/ mrunoff"
[1] "/mnt/lustrefs/store/zhen.zhang/output/MERRA2/MERRA2_2015_USDA_MLIT_PERMAFROST_MONTHLY/merge/ mtransp"
[1] "/mnt/lustrefs/store/zhen.zhang/output/ERA-Interim/ERA_2015_USDA_MLIT_PERMAFROST_MONTHLY/merge/ mnpp"
[1] "/mnt/lustrefs/store/zhen.zhang/output/ERA-Interim/ERA_2015_USDA_MLIT_PERMAFROST_MONTHLY/merge/ mrh"
[1] "/mnt/lustrefs/store/zhen.zhang/output/ERA-Interim/ERA_2015_USDA_MLIT_PERMAFROST_MONTHLY/merge/ firec"
[1] "/mnt/lustrefs/store/zhen.zhang/output/ERA-Interim/ERA_2015_USDA_MLIT_PERMAFROST_MONTHLY/merge/ flux_luc"
[1] "/mnt/lustrefs/store/zhen.zhang/output/ERA-Interim/ERA_2015_USDA_MLIT_PERMAFROST_MONTHLY/merge/ flux_harvest"
[1] "/mnt/lustrefs/store/zhen.zhang/output/ERA-Interim/ERA_2015_USDA_MLIT_PERMAFROST_MONTHLY/merge/ flux_estab"
[1] "/mnt/lustrefs/store/zhen.zhang/output/ERA-Interim/ERA_2015_USDA_MLIT_PERMAFROST_MONTHLY/merge/ mgpp"
[1] "/mnt/lustrefs/store/zhen.zhang/output/ERA-Interim/ERA_2015_USDA_MLIT_PERMAFROST_MONTHLY/merge/ litc"
[1] "/mnt/lustrefs/store/zhen.zhang/output/ERA-Interim/ERA_2015_USDA_MLIT_PERMAFROST_MONTHLY/merge/ soilc"
[1] "/mnt/lustrefs/store/zhen.zhang/output/ERA-Interim/ERA_2015_USDA_MLIT_PERMAFROST_MONTHLY/merge/ vegc"
[1] "/mnt/lustrefs/store/zhen.zhang/output/ERA-Interim/ERA_2015_USDA_MLIT_PERMAFROST_MONTHLY/merge/ msnowpack"
[1] "/mnt/lustrefs/store/zhen.zhang/output/ERA-Interim/ERA_2015_USDA_MLIT_PERMAFROST_MONTHLY/merge/ mra"
[1] "/mnt/lustrefs/store/zhen.zhang/output/ERA-Interim/ERA_2015_USDA_MLIT_PERMAFROST_MONTHLY/merge/ mpet"
[1] "/mnt/lustrefs/store/zhen.zhang/output/ERA-Interim/ERA_2015_USDA_MLIT_PERMAFROST_MONTHLY/merge/ msoiltemp"
[1] "/mnt/lustrefs/store/zhen.zhang/output/ERA-Interim/ERA_2015_USDA_MLIT_PERMAFROST_MONTHLY/merge/ mswc1"
[1] "/mnt/lustrefs/store/zhen.zhang/output/ERA-Interim/ERA_2015_USDA_MLIT_PERMAFROST_MONTHLY/merge/ mswc2"
[1] "/mnt/lustrefs/store/zhen.zhang/output/ERA-Interim/ERA_2015_USDA_MLIT_PERMAFROST_MONTHLY/merge/ mevap"
[1] "/mnt/lustrefs/store/zhen.zhang/output/ERA-Interim/ERA_2015_USDA_MLIT_PERMAFROST_MONTHLY/merge/ mdischarge"
[1] "/mnt/lustrefs/store/zhen.zhang/output/ERA-Interim/ERA_2015_USDA_MLIT_PERMAFROST_MONTHLY/merge/ mrunoff"
[1] "/mnt/lustrefs/store/zhen.zhang/output/ERA-Interim/ERA_2015_USDA_MLIT_PERMAFROST_MONTHLY/merge/ mtransp"
